[www.starlight.money/index.html]
[backblue.gif]
[fade.gif]
[index.html]
[uploads-ssl.webflow.com/63281d362a9501fa6e9f6aae/css/starlight-money.webflow.c668ee678.min.css]
[uploads-ssl.webflow.com/63281d362a9501fa6e9f6aae/634891cc0f0a226277bbf92b_favicon-32x32.png]
[uploads-ssl.webflow.com/63281d362a9501fa6e9f6aae/634891e49e7e4f29761e3f48_logo-black-256.png]
[www.starlight.money/about.html]
[www.starlight.money/pricing.html]
[www.starlight.money/blog.html]
[finerpoint-images.s3.us-east-2.amazonaws.com/Brand+Kit.zip]
[uploads-ssl.webflow.com/63281d362a9501fa6e9f6aae/63284d168c11f016bbb96ffe_usdc-icon.svg]
[uploads-ssl.webflow.com/63281d362a9501fa6e9f6aae/63284d16755e3c5b6fc7945d_bitcoin-icon.svg]
[www.starlight.money/blog/introducing-altair.html]
[uploads-ssl.webflow.com/63281d362a9501fa6e9f6aae/637842a93568773c1d46fd4a_hero screenshot.png]
[uploads-ssl.webflow.com/63281d362a9501fa6e9f6aae/6331757c3e3fa31ab0481e9b_highlight-logo.svg]
[uploads-ssl.webflow.com/63281d362a9501fa6e9f6aae/63850b44b5de519161862aac_Merlin Logo.svg]
[uploads-ssl.webflow.com/63281d362a9501fa6e9f6aae/6383b9bb73b91ef9e190cb20_Hologram.svg]
[uploads-ssl.webflow.com/63281d362a9501fa6e9f6aae/637cd48a722176bb4d46a8d4_Artemis.svg]
[uploads-ssl.webflow.com/63281d362a9501fa6e9f6aae/633eafd965b5d6369555f326_cabin-logo.svg]
[uploads-ssl.webflow.com/63281d362a9501fa6e9f6aae/632b12b72fac022e5086e487_Mercury.svg]
[uploads-ssl.webflow.com/63281d362a9501fa6e9f6aae/632b12b7ec8eb47581f4879f_Coinbase.svg]
[uploads-ssl.webflow.com/63281d362a9501fa6e9f6aae/632b12b78c0090f44af96e22_Anchorage digital.svg]
[uploads-ssl.webflow.com/63281d362a9501fa6e9f6aae/6389ba275e4c1946ffd9ca82_fund-stack-static.png]
[uploads-ssl.webflow.com/63281d362a9501fa6e9f6aae/632d947ec5afe2259f4feba3_usdc-filled-icon.svg]
[uploads-ssl.webflow.com/63281d362a9501fa6e9f6aae/635b8cf3622b05d73b08e19d_usd-filled-icon.png]
[uploads-ssl.webflow.com/63281d362a9501fa6e9f6aae/635b8dae8c35bf8d053b4e4d_chip-logo.svg]
[uploads-ssl.webflow.com/63281d362a9501fa6e9f6aae/6332c9638f3a69b1f5912d94_circuit.png]
[uploads-ssl.webflow.com/63281d362a9501fa6e9f6aae/6347dbdd302c6144c9b2332d_Wire-ACH.svg]
[uploads-ssl.webflow.com/63281d362a9501fa6e9f6aae/63341e4c67c15589d99b8050_checks.png]
[uploads-ssl.webflow.com/63281d362a9501fa6e9f6aae/6329b405889a14f6cc6216b0_checks.svg]
[uploads-ssl.webflow.com/63281d362a9501fa6e9f6aae/632b1c3c8b47952e6faceec7_credit-card-front.png]
[uploads-ssl.webflow.com/63281d362a9501fa6e9f6aae/632b1c3892bbca5595e7a827_credit-card-bg.png]
[uploads-ssl.webflow.com/63281d362a9501fa6e9f6aae/632c26bbd5bf25bb2550a51e_safe.webp]
[uploads-ssl.webflow.com/63281d362a9501fa6e9f6aae/632c270f2c8ac04931159b36_accounting-tools.webp]
[uploads-ssl.webflow.com/63281d362a9501fa6e9f6aae/632c278ad7b61c67f0b5eaf8_expense-management.webp]
[uploads-ssl.webflow.com/63281d362a9501fa6e9f6aae/6347d6d275591d465aa83756_automated payments.webp]
[uploads-ssl.webflow.com/63281d362a9501fa6e9f6aae/633c398ff1f1bf28630d0c07_roles-permissions.webp]
[uploads-ssl.webflow.com/63281d362a9501fa6e9f6aae/632c2610fe47a205db746e3f_gain-loss-calculations.webp]
[uploads-ssl.webflow.com/63281d362a9501fa6e9f6aae/641223d43c31374c75616ef7_Banks.png]
[uploads-ssl.webflow.com/63281d362a9501fa6e9f6aae/632c2b81bb03b844667c0163_contacts.webp]
[uploads-ssl.webflow.com/63281d362a9501fa6e9f6aae/632c34044c575b5b2d37a385_debit-cards.webp]
[uploads-ssl.webflow.com/63281d362a9501fa6e9f6aae/632c347bc3279a30b893cc0f_notifications.webp]
[uploads-ssl.webflow.com/63281d362a9501fa6e9f6aae/632c34d46010263d157e26dd_gnosis-safe.webp]
[uploads-ssl.webflow.com/63281d362a9501fa6e9f6aae/637ce0bc9b844c0b52baf3fb_cta-banner.jpg]
[www.starlight.money/changelog.html]
[www.starlight.money/legal/terms.html]
[www.starlight.money/legal/privacy.html]
[uploads-ssl.webflow.com/63281d362a9501fa6e9f6aae/632c5a8f60102683d3800797_US-FDIC-Logo.svg]
[uploads-ssl.webflow.com/63281d362a9501fa6e9f6aae/64273f892715734cb78bbdf5_Untitled.png]
[embed.typeform.com/next/embed.js]
[d3e54v103j8qbb.cloudfront.net/js/jquery-3.5.1.min.dc5e7f18c86d74.js]
[uploads-ssl.webflow.com/63281d362a9501fa6e9f6aae/js/webflow.47565bd8d.js]
[static.alchemyapi.io/scripts/badge/alchemy-badge.js]
[www.starlight.money/index.html]
[cdn.getkoala.com/v1/pk_6e0f595012733c64efdc281d2a71b6778535/sdk.js]
[uploads-ssl.webflow.com/632c4f68f7447c23e3b5d6cd/6332f95ee26903088d54cd0f_south-park-commons.svg]
[uploads-ssl.webflow.com/632c4f68f7447c23e3b5d6cd/6332f97c5f7f59451b21086c_abstract.svg]
[uploads-ssl.webflow.com/632c4f68f7447c23e3b5d6cd/6332f9901df60d1f99172679_a-star.svg]
[uploads-ssl.webflow.com/632c4f68f7447c23e3b5d6cd/6332f9a861fc8d391d6afc1b_script.svg]
[uploads-ssl.webflow.com/632c4f68f7447c23e3b5d6cd/6332f9d05f7f596f4d21096e_brevan howard.svg]
[uploads-ssl.webflow.com/632c4f68f7447c23e3b5d6cd/6332f9f3c12915658b3c2bf7_paxos.svg]
[uploads-ssl.webflow.com/632c4f68f7447c23e3b5d6cd/6332fa10f255659e776f01c3_sv-angel.svg]
[uploads-ssl.webflow.com/632c4f68f7447c23e3b5d6cd/6332fa8ec479276c3a0a46d2_box-group.svg]
[uploads-ssl.webflow.com/632c4f68f7447c23e3b5d6cd/6332faa1a020d6556acdf36f_shrug.svg]
[uploads-ssl.webflow.com/632c4f68f7447c23e3b5d6cd/633422d7211a612bb7156cb6_Balaji Srinivasan.png]
[uploads-ssl.webflow.com/632c4f68f7447c23e3b5d6cd/633422e971c9de76d76a63df_Sahil Bloom.png]
[uploads-ssl.webflow.com/632c4f68f7447c23e3b5d6cd/6334230071c9deee396a6494_Sabrina Hahn.png]
[uploads-ssl.webflow.com/632c4f68f7447c23e3b5d6cd/63342310ac552b4bedcc8a2f_Charley Ma.png]
[uploads-ssl.webflow.com/632c4f68f7447c23e3b5d6cd/6334231f79bae26003cab707_Mahdi Raza.png]
[uploads-ssl.webflow.com/632c4f68f7447c23e3b5d6cd/6334233980edd73cd57677c7_William Hockey.png]
[uploads-ssl.webflow.com/632c4f68f7447c23e3b5d6cd/63342348feb6896ba96e2cc5_Jon Yan.png]
[uploads-ssl.webflow.com/632c4f68f7447c23e3b5d6cd/6334235b6a4b66470b00b2a5_Lisa Cuesta.png]
[uploads-ssl.webflow.com/632c4f68f7447c23e3b5d6cd/6334236d3fdc4801cc6ce8e4_Bo Jiang.png]
[uploads-ssl.webflow.com/632c4f68f7447c23e3b5d6cd/6334238079bae223e9cab8d0_Lachy Groom.png]
[uploads-ssl.webflow.com/632c4f68f7447c23e3b5d6cd/6334239393f21a17ef642f20_Raj Gokal.png]
[uploads-ssl.webflow.com/632c4f68f7447c23e3b5d6cd/633423a6211a610e0e1574c9_Dan Held.png]
[uploads-ssl.webflow.com/632c4f68f7447c23e3b5d6cd/633423b94d4ec172fc92d22f_Michal Cieplinski.png]
[uploads-ssl.webflow.com/632c4f68f7447c23e3b5d6cd/633423cf417045ac7af74e3b_Lisa Han.png]
[www.starlight.money/about.html]
[uploads-ssl.webflow.com/63281d362a9501fa6e9f6aae/633442421bfab35e84e71def_about-join.jpg]
[www.starlight.money/pricing.html]
[uploads-ssl.webflow.com/63281d362a9501fa6e9f6aae/638583a8a391d60e0d92bee2_pricing-banner 2.png]
[cdn.jsdelivr.net/npm/@finsweet/attributes-cmsfilter@1/cmsfilter.js]
[cdn.jsdelivr.net/npm/@finsweet/attributes-cmsload@1/cmsload.js]
[uploads-ssl.webflow.com/632c4f68f7447c23e3b5d6cd/640674c37a08d1639fa85102_altair.png]
[uploads-ssl.webflow.com/632c4f68f7447c23e3b5d6cd/640674d8b8e78ae027fa51cf_altair-feature.png]
[uploads-ssl.webflow.com/632c4f68f7447c23e3b5d6cd/63b5ebc1a762af03411fffbd_IMG_8691 copy.jpg]
[uploads-ssl.webflow.com/632c4f68f7447c23e3b5d6cd/63f54c71edec728012649f3e_Main (1).png]
[uploads-ssl.webflow.com/632c4f68f7447c23e3b5d6cd/63f54c7376335b40a6f5a709_Featured (1).png]
[www.starlight.money/blog/protecting-your-web3-business-why-separating-wallets-is-a-must.html]
[uploads-ssl.webflow.com/632c4f68f7447c23e3b5d6cd/63b5e734a2804277199b3cc4_Featured (2).png]
[uploads-ssl.webflow.com/632c4f68f7447c23e3b5d6cd/63b5e7385f10b088a753ea25_Featured (3).png]
[www.starlight.money/blog/how-to-keep-your-companys-digital-assets-safe.html]
[uploads-ssl.webflow.com/632c4f68f7447c23e3b5d6cd/6434321debae1afd87163c56_Main.png]
[uploads-ssl.webflow.com/632c4f68f7447c23e3b5d6cd/64343221d9a6f20268a0fbd4_Featured.png]
[www.starlight.money/blog/starlight-soc2-typei.html]
[uploads-ssl.webflow.com/632c4f68f7447c23e3b5d6cd/6384ef32f9ab0c39723a8109_IMG_8775 (1).jpg]
[uploads-ssl.webflow.com/632c4f68f7447c23e3b5d6cd/642c86f2d07074679a4b06df_Crypto Offramp Main.png]
[uploads-ssl.webflow.com/632c4f68f7447c23e3b5d6cd/642c87036abe9b304de0a69a_Crypto Offramp Featured.png]
[www.starlight.money/blog5379.html]
[www.starlight.money/blog.html]
[cdn.jsdelivr.net/npm/@finsweet/attributes-socialshare@1/socialshare.js]
[www.starlight.money/blog/introducing-altair.html]
[uploads-ssl.webflow.com/632c4f68f7447c23e3b5d6cd/6424b9be1a0604117e8eab89_automation.png]
[uploads-ssl.webflow.com/632c4f68f7447c23e3b5d6cd/635a51fa60cca848647130ff_new.svg]
[uploads-ssl.webflow.com/632c4f68f7447c23e3b5d6cd/6424ba11afbb3c20395bdbe7_USDC polygon support.png]
[uploads-ssl.webflow.com/632c4f68f7447c23e3b5d6cd/635a51f0f3c8a402f24a8535_fixed-icon.svg]
[uploads-ssl.webflow.com/632c4f68f7447c23e3b5d6cd/6388ff9ef4cf9e8e375c6abc_changelog-gnosis-notif.png]
[uploads-ssl.webflow.com/632c4f68f7447c23e3b5d6cd/636f04abe1901e8474f2e1bb_starlight_antares.png]
[cdnjs.cloudflare.com/ajax/libs/gsap/3.11.3/gsap.min.js]
[cdnjs.cloudflare.com/ajax/libs/gsap/3.11.3/ScrollTrigger.min.js]
[www.starlight.money/changelog.html]
[cdnjs.cloudflare.com/ajax/libs/showdown/2.0.1/showdown.min.js]
[www.starlight.money/legal/solid-terms.html]
[www.starlight.money/legal/terms.html]
[www.starlight.money/legal/privacy.html]
[www.starlight.money/blog/protecting-your-web3-business-why-separating-wallets-is-a-must.html]
[www.starlight.money/blog/how-to-keep-your-companys-digital-assets-safe.html]
[www.starlight.money/blog/starlight-soc2-typei.html]
[uploads-ssl.webflow.com/632c4f68f7447c23e3b5d6cd/642c87557471e371238e470d_Mtmask Main.png]
[uploads-ssl.webflow.com/632c4f68f7447c23e3b5d6cd/642c875a968a1b7fa70c44c4_Mtmask Featured.png]
[www.starlight.money/blog/how-to-sell-eth-on-metamask.html]
[uploads-ssl.webflow.com/632c4f68f7447c23e3b5d6cd/642b3876ccdf510afdb519ee_Blockchain in Banking Main.png]
[uploads-ssl.webflow.com/632c4f68f7447c23e3b5d6cd/642b387a41f508a9f7329159_Blockchain in Banking Featured.png]
[www.starlight.money/blog/blockchain-applications-in-banking.html]
[uploads-ssl.webflow.com/632c4f68f7447c23e3b5d6cd/642732ef7743df27fd957545_Crypto Friendly Banks - Main.png]
[uploads-ssl.webflow.com/632c4f68f7447c23e3b5d6cd/642732e3ccacd86a6af6194f_Crypto Friendly Banks - Featured.png]
[uploads-ssl.webflow.com/632c4f68f7447c23e3b5d6cd/642486233842f8737da90357_Crypto Custody Main.png]
[uploads-ssl.webflow.com/632c4f68f7447c23e3b5d6cd/64248628b14d89585ae14b7b_Crypto Custody Featured.png]
[uploads-ssl.webflow.com/632c4f68f7447c23e3b5d6cd/64231a13365567ed46e549dc_Sell ETH Main.png]
[uploads-ssl.webflow.com/632c4f68f7447c23e3b5d6cd/64231a1806cc001e56b98599_Sell ETH Featured.png]
[www.starlight.money/blog58df.html]
[www.starlight.money/blogc3e7.html]
[www.starlight.money/blog5379.html]
[www.starlight.money/legal/solid-terms.html]
[www.starlight.money/blog/how-to-sell-eth-on-metamask.html]
[www.starlight.money/blog/blockchain-applications-in-banking.html]
[www.starlight.money/blog58df.html]
[uploads-ssl.webflow.com/632c4f68f7447c23e3b5d6cd/642214dbf1d45dfef8d3fd41_(Best Crypto Onramp) Main.png]
[uploads-ssl.webflow.com/632c4f68f7447c23e3b5d6cd/642214dfdf0b7f51ae7d6b43_(Best Crypto Onramp) Featured.png]
[www.starlight.money/blog/best-crypto-onramp-fiat-to-crypto.html]
[uploads-ssl.webflow.com/632c4f68f7447c23e3b5d6cd/641dd6eb3cd5177bc33e90f5_Featured.png]
[uploads-ssl.webflow.com/632c4f68f7447c23e3b5d6cd/641dea444e95513462563cc7_Main.png]
[uploads-ssl.webflow.com/632c4f68f7447c23e3b5d6cd/641dea484e955113e1563cc8_Featured.png]
[uploads-ssl.webflow.com/632c4f68f7447c23e3b5d6cd/640a5a378eb98b1951243cb3_Art_card (4).png]
[uploads-ssl.webflow.com/632c4f68f7447c23e3b5d6cd/640a5a8de12b7891a801b351_Art_hero.png]
[www.starlight.money/blog/discovering-a-constellation-meet-art.html]
[uploads-ssl.webflow.com/632c4f68f7447c23e3b5d6cd/63e40ee596c60c5026e61d93_Featured.png]
[uploads-ssl.webflow.com/632c4f68f7447c23e3b5d6cd/63e40ee3c2bc29848498bb43_Main.png]
[uploads-ssl.webflow.com/632c4f68f7447c23e3b5d6cd/6383d6cec743ac29ef7cc706_Grey.jpg]
[www.starlight.money/blogc3e7.html]
[www.starlight.money/blogc1ac.html]
[www.starlight.money/blog/crypto-offramps-your-gateway-to-converting-cryptocurrency-into-cash]
[www.starlight.money/blog/best-crypto-onramp-fiat-to-crypto.html]
[www.starlight.money/blog/discovering-a-constellation-meet-art.html]
[uploads-ssl.webflow.com/632c4f68f7447c23e3b5d6cd/638586422409e24cc2d87e94_Cards Normal (1).png]
[uploads-ssl.webflow.com/632c4f68f7447c23e3b5d6cd/6385864412384e16607be2ea_Cards Featured (1).png]
[www.starlight.money/blog/introducing-antares-our-new-corporate-cards.html]
[uploads-ssl.webflow.com/632c4f68f7447c23e3b5d6cd/6384eeb297b08f28c01a16df_Tiffany_card.png]
[uploads-ssl.webflow.com/632c4f68f7447c23e3b5d6cd/6384ef7659997aef0810b738_Tiffany_hero.png]
[www.starlight.money/blog/discovering-a-constellation-meet-tiffany.html]
[uploads-ssl.webflow.com/632c4f68f7447c23e3b5d6cd/63858988159f0aff750a436d_Seed Announcement.png]
[uploads-ssl.webflow.com/632c4f68f7447c23e3b5d6cd/6385898cb54e29562fa1755e_Seed Announcement Featured.png]
[www.starlight.money/blogc1ac.html]
[www.starlight.money/blog/partnering-with-zero-hash]
[www.starlight.money/legal/ecom]
[www.starlight.money/legal/solid-privacy]
[www.starlight.money/legal/solid-web-terms]
[www.starlight.money/blog/crypto-friendly-banks]
[www.starlight.money/blog/crypto-custody]
[www.starlight.money/blog/selling-ethereum-eth]
[uploads-ssl.webflow.com/632c4f68f7447c23e3b5d6cd/638585fdaf46d362ff5a422a_Antares Blog 2.png]
[www.starlight.money/blog/introducing-antares-our-new-corporate-cards.html]
[www.starlight.money/blog/discovering-a-constellation-meet-tiffany.html]
[www.starlight.money/blog/multisig-wallets]
[www.starlight.money/blog/sell-usd-coin-usdc]
[www.starlight.money/blog/series-seed]
[uploads-ssl.webflow.com/63281d362a9501fa6e9f6aae/css/starlight-money.webflow.c668ee678.min.css]
[uploads-ssl.webflow.com/63281d362a9501fa6e9f6aae/6343e48d6e42997e48c9f5fa_test svg blur.svg]
[uploads-ssl.webflow.com/63281d362a9501fa6e9f6aae/6343e542ae8a161e37acb5c9_glow-tr.svg]
[uploads-ssl.webflow.com/63281d362a9501fa6e9f6aae/6343e542eae8f4f52c96ce67_glow-bl.svg]
[uploads-ssl.webflow.com/63281d362a9501fa6e9f6aae/6343e54198f0f6d6aa624460_glow-br.svg]
[uploads-ssl.webflow.com/63281d362a9501fa6e9f6aae/63284a5980e3dfb2c01fd32f_ethereum-icon.svg]
[uploads-ssl.webflow.com/63281d362a9501fa6e9f6aae/63284d1634d01fbcebf5f213_tether-icon.svg]
[d3e54v103j8qbb.cloudfront.net/js/jquery-3.5.1.min.dc5e7f18c86d74.js]
[uploads-ssl.webflow.com/63281d362a9501fa6e9f6aae/63284d168c11f016bbb96ffe_usdc-icon.svg]
[uploads-ssl.webflow.com/63281d362a9501fa6e9f6aae/63284d16755e3c5b6fc7945d_bitcoin-icon.svg]
[static.alchemyapi.io/scripts/badge/alchemy-badge.js]
[uploads-ssl.webflow.com/63281d362a9501fa6e9f6aae/6331757c3e3fa31ab0481e9b_highlight-logo.svg]
[cdn.getkoala.com/v1/pk_6e0f595012733c64efdc281d2a71b6778535/sdk.js]
[uploads-ssl.webflow.com/63281d362a9501fa6e9f6aae/63850b44b5de519161862aac_Merlin Logo.svg]
[uploads-ssl.webflow.com/63281d362a9501fa6e9f6aae/6383b9bb73b91ef9e190cb20_Hologram.svg]
[uploads-ssl.webflow.com/63281d362a9501fa6e9f6aae/637cd48a722176bb4d46a8d4_Artemis.svg]
[uploads-ssl.webflow.com/63281d362a9501fa6e9f6aae/633eafd965b5d6369555f326_cabin-logo.svg]
[uploads-ssl.webflow.com/63281d362a9501fa6e9f6aae/632b12b72fac022e5086e487_Mercury.svg]
[uploads-ssl.webflow.com/63281d362a9501fa6e9f6aae/632b12b7ec8eb47581f4879f_Coinbase.svg]
[uploads-ssl.webflow.com/63281d362a9501fa6e9f6aae/632b12b78c0090f44af96e22_Anchorage digital.svg]
[uploads-ssl.webflow.com/63281d362a9501fa6e9f6aae/632d947ec5afe2259f4feba3_usdc-filled-icon.svg]
[uploads-ssl.webflow.com/63281d362a9501fa6e9f6aae/635b8dae8c35bf8d053b4e4d_chip-logo.svg]
[uploads-ssl.webflow.com/63281d362a9501fa6e9f6aae/6347dbdd302c6144c9b2332d_Wire-ACH.svg]
[uploads-ssl.webflow.com/63281d362a9501fa6e9f6aae/6329b40527674895b32779e2_bank.svg]
[uploads-ssl.webflow.com/63281d362a9501fa6e9f6aae/6329b405889a14f6cc6216b0_checks.svg]
[uploads-ssl.webflow.com/63281d362a9501fa6e9f6aae/6329b4054201ff3ef836ec58_credit-card.svg]
[uploads-ssl.webflow.com/63281d362a9501fa6e9f6aae/6329b405ca40d3440088992b_on-chain.svg]
[uploads-ssl.webflow.com/63281d362a9501fa6e9f6aae/632c5a8f60102683d3800797_US-FDIC-Logo.svg]
[cdnjs.cloudflare.com/ajax/libs/gsap/3.11.3/gsap.min.js]
[cdnjs.cloudflare.com/ajax/libs/gsap/3.11.3/ScrollTrigger.min.js]
[cdnjs.cloudflare.com/ajax/libs/showdown/2.0.1/showdown.min.js]
[embed.typeform.com/next/embed.js]
[uploads-ssl.webflow.com/632c4f68f7447c23e3b5d6cd/6332f95ee26903088d54cd0f_south-park-commons.svg]
[uploads-ssl.webflow.com/63281d362a9501fa6e9f6aae/632c347bc3279a30b893cc0f_notifications.webp]
[uploads-ssl.webflow.com/632c4f68f7447c23e3b5d6cd/6332f97c5f7f59451b21086c_abstract.svg]
[uploads-ssl.webflow.com/632c4f68f7447c23e3b5d6cd/6332f9901df60d1f99172679_a-star.svg]
[uploads-ssl.webflow.com/632c4f68f7447c23e3b5d6cd/6332f9a861fc8d391d6afc1b_script.svg]
[uploads-ssl.webflow.com/632c4f68f7447c23e3b5d6cd/6332f9d05f7f596f4d21096e_brevan howard.svg]
[uploads-ssl.webflow.com/632c4f68f7447c23e3b5d6cd/6332f9f3c12915658b3c2bf7_paxos.svg]
[uploads-ssl.webflow.com/632c4f68f7447c23e3b5d6cd/6332fa10f255659e776f01c3_sv-angel.svg]
[uploads-ssl.webflow.com/632c4f68f7447c23e3b5d6cd/6332fa8ec479276c3a0a46d2_box-group.svg]
[uploads-ssl.webflow.com/632c4f68f7447c23e3b5d6cd/6332faa1a020d6556acdf36f_shrug.svg]
[www.starlight.money/blog/starlight-soc2-typei.html]
[uploads-ssl.webflow.com/632c4f68f7447c23e3b5d6cd/635a51fa60cca848647130ff_new.svg]
[uploads-ssl.webflow.com/632c4f68f7447c23e3b5d6cd/635a51f0f3c8a402f24a8535_fixed-icon.svg]
[uploads-ssl.webflow.com/632c4f68f7447c23e3b5d6cd/635a51ddc3f0266389d4f1e8_improved.svg]
[www.starlight.money/blog/series-seed]
[www.starlight.money/about.html]
[www.starlight.money/changelog.html]
[www.starlight.money/blog/protecting-your-web3-business-why-separating-wallets-is-a-must.html]
[www.starlight.money/blog/how-to-keep-your-companys-digital-assets-safe.html]
[www.starlight.money/blog/crypto-offramps-your-gateway-to-converting-cryptocurrency-into-cash]
[www.starlight.money/blog/partnering-with-zero-hash]
[www.starlight.money/legal/ecom]
[www.starlight.money/blog/how-to-sell-eth-on-metamask.html]
[www.starlight.money/blog/blockchain-applications-in-banking.html]
[www.starlight.money/blog/crypto-friendly-banks]
[www.starlight.money/blog/crypto-custody]
[www.starlight.money/blog/selling-ethereum-eth]
[www.starlight.money/blog/best-crypto-onramp-fiat-to-crypto.html]
[www.starlight.money/blog/multisig-wallets]
[www.starlight.money/blog/sell-usd-coin-usdc]
[www.starlight.money/blog/discovering-a-constellation-meet-art.html]
[www.starlight.money/blogc1ac.html]
[www.starlight.money/blog/introducing-antares-our-new-corporate-cards.html]
[www.starlight.money/blog/discovering-a-constellation-meet-tiffany.html]
[www.starlight.money/blog/series-seed]
[www.starlight.money/popover.css]
[www.starlight.money/popup.css]
[www.starlight.money/sidetab.css]
[www.starlight.money/slider.css]
[www.starlight.money/widget.css]
[www.starlight.money/e]
[www.starlight.money/window.location.href]
